[2020-09-29 16:57:35]  ---------------------------
[2020-09-29 16:57:35]  start checking whether exist folders created before...
[2020-09-29 16:57:35]  end checking
[2020-09-29 16:57:35]  ---------------------------
[2020-09-29 16:57:35]  start cifti_recon_all process
[2020-09-29 16:57:35]  ciftify_recon_all --ciftify-work-dir /root/projects/DataForPreprocess/1.ciftify/ciftify_output/ --fs-subjects-dir /root/projects/DataForPreprocess/1.ciftify/ciftify_data/sub-ADNI2002S0295/freesurfer/output/ sub-ADNI2002S0295
[2020-09-29 19:33:33]  end cifti_recon_all process
[2020-09-29 19:33:33]  start cifti_vis_recon_all process
[2020-09-29 19:33:48]  end cifti_vis_recon_all process
[2020-09-29 19:33:48]  start cifti_subject_fmri process
[2020-09-29 19:42:41]  end cifti_subject_fmri process
[2020-09-29 19:42:41]  start cifti_vis_fmri process
[2020-09-29 19:43:09]  end cifti_vsi_fmri_process
[2020-09-29 19:43:09]  CIFTIFY duration: 45.56965427001316H
[2020-09-29 19:43:09]  ---------------------------
[2020-09-29 19:43:09]  start HCP parcellation and correlation process
[2020-09-29 19:43:09]  end HCP process. Results are stored in /root/projects/DataForPreprocess/1.ciftify/ciftify_data/sub-ADNI2002S0295/HCP/
[2020-09-29 19:43:09]  ---------------------------
[2020-09-29 19:43:09]  start extract correlation matrix into matlab format
[2020-09-29 19:43:17]  end matlab extraction
[2020-09-29 19:43:17]  ---------------------------
[2020-09-29 19:43:17]  start cp files
[2020-09-29 19:43:18]  HCP correlation and parcellation process duration: 9.105844497680664 min
[2020-09-29 19:43:18]  Finished all process without error
